-------------------------------------------------------------------------------
Test set: com.example.boot.BootAdminserverApplicationTests
-------------------------------------------------------------------------------
Tests run: 1, Failures: 0, Errors: 1, Skipped: 0, Time elapsed: 0.213 s <<< FAILURE! - in com.example.boot.BootAdminserverApplicationTests
com.example.boot.BootAdminserverApplicationTests  Time elapsed: 0.211 s  <<< ERROR!
java.lang.IllegalStateException: Unable to find a @SpringBootConfiguration, you need to use @ContextConfiguration or @SpringBootTest(classes=...) with your test

