<?xml version="1.0" encoding="UTF-8"?>
<testsuite xmlns:xsi="http://www.w3.org/2001/XMLSchema-instance" xsi:noNamespaceSchemaLocation="https://maven.apache.org/surefire/maven-surefire-plugin/xsd/surefire-test-report.xsd" name="com.example.boot.BootAdminserverApplicationTests" time="0.213" tests="1" errors="1" skipped="0" failures="0">
  <properties>
[...]
</properties>
  <testcase name="com.example.boot.BootAdminserverApplicationTests" classname="com.example.boot.BootAdminserverApplicationTests" time="0.211">
    <error message="Unable to find a @SpringBootConfiguration, you need to use @ContextConfiguration or @SpringBootTest(classes=...) with your test" type="java.lang.IllegalStateException">java.lang.IllegalStateException: Unable to find a @SpringBootConfiguration, you need to use @ContextConfiguration or @SpringBootTest(classes=...) with your test
</error>
    <system-out><![CDATA[15:36:58.704 [main] DEBUG org.springframework.test.context.BootstrapUtils - Instantiating CacheAwareContextLoaderDelegate from class [org.springframework.test.context.cache.DefaultCacheAwareContextLoaderDelegate]
15:36:58.714 [main] DEBUG org.springframework.test.context.BootstrapUtils - Instantiating BootstrapContext using constructor [public org.springframework.test.context.support.DefaultBootstrapContext(java.lang.Class,org.springframework.test.context.CacheAwareContextLoaderDelegate)]
15:36:58.745 [main] DEBUG org.springframework.test.context.BootstrapUtils - Instantiating TestContextBootstrapper for test class [com.example.boot.BootAdminserverApplicationTests] from class [org.springframework.boot.test.context.SpringBootTestContextBootstrapper]
15:36:58.762 [main] INFO org.springframework.boot.test.context.SpringBootTestContextBootstrapper - Neither @ContextConfiguration nor @ContextHierarchy found for test class [com.example.boot.BootAdminserverApplicationTests], using SpringBootContextLoader
15:36:58.764 [main] DEBUG org.springframework.test.context.support.AbstractContextLoader - Did not detect default resource location for test class [com.example.boot.BootAdminserverApplicationTests]: class path resource [com/example/boot/BootAdminserverApplicationTests-context.xml] does not exist
15:36:58.764 [main] DEBUG org.springframework.test.context.support.AbstractContextLoader - Did not detect default resource location for test class [com.example.boot.BootAdminserverApplicationTests]: class path resource [com/example/boot/BootAdminserverApplicationTestsContext.groovy] does not exist
15:36:58.764 [main] INFO org.springframework.test.context.support.AbstractContextLoader - Could not detect default resource locations for test class [com.example.boot.BootAdminserverApplicationTests]: no resource found for suffixes {-context.xml, Context.groovy}.
15:36:58.764 [main] INFO org.springframework.test.context.support.AnnotationConfigContextLoaderUtils - Could not detect default configuration classes for test class [com.example.boot.BootAdminserverApplicationTests]: BootAdminserverApplicationTests does not declare any static, non-private, non-final, nested classes annotated with @Configuration.
15:36:58.810 [main] DEBUG org.springframework.test.context.support.ActiveProfilesUtils - Could not find an 'annotation declaring class' for annotation type [org.springframework.test.context.ActiveProfiles] and class [com.example.boot.BootAdminserverApplicationTests]
]]></system-out>
  </testcase>
</testsuite>